<?xml version="1.0" encoding="UTF-8"?>
<!-- Generated by org.testng.reporters.JUnitXMLReporter -->
<testsuite hostname="DESKTOP-NV0TRU1" name="sanity tests" tests="4" failures="0" timestamp="18 Nov 2019 04:51:06 GMT" time="0.039" errors="0">
  <testcase name="loginbyemail" time="0.008" classname="batchtesting.login"/>
  <testcase name="loginbyfb" time="0.001" classname="batchtesting.login"/>
  <testcase name="loginbytwit" time="0.001" classname="batchtesting.login"/>
  <testcase name="paymentreturn" time="0.001" classname="batchtesting.signuo"/>
</testsuite> <!-- sanity tests -->
